<?xml version="1.0" encoding="UTF-8"?>
<testsuite name="com.bridgelabz.UserRegistrationTest" tests="1" skipped="0" failures="0" errors="0" timestamp="2021-07-30T14:12:58" hostname="DESKTOP-1A5CKOQ" time="0.023">
  <properties/>
  <testcase name="givenPhoneNumber_WhenValid_ShouldReturnTrue" classname="com.bridgelabz.UserRegistrationTest" time="0.023"/>
  <system-out><![CDATA[]]></system-out>
  <system-err><![CDATA[]]></system-err>
</testsuite>
